<?xml version="1.0" encoding="UTF-8"?>
<!-- Generated by org.testng.reporters.JUnitXMLReporter -->
<testsuite hostname="AnupJ2-MSL1" ignored="0" name="Test" tests="3" failures="1" timestamp="2020-09-09T14:47:41 IST" time="24.137" errors="0">
  <testcase name="basepageNavigation" time="0.088" classname="Academy.ValidateNavigationBar"/>
  <testcase name="basepageNavigation" time="0.048" classname="Academy.ValidateTitleTest">
    <failure type="java.lang.AssertionError" message="expected [Featured Courses] but found [FEATURED COURSES]">
      <![CDATA[java.lang.AssertionError: expected [Featured Courses] but found [FEATURED COURSES]
at Academy.ValidateTitleTest.basepageNavigation(ValidateTitleTest.java:28)
at java.util.ArrayList.forEach(ArrayList.java:1257)
... Removed 33 stack frames]]>
    </failure>
  </testcase> <!-- basepageNavigation -->
  <testcase name="basepageNavigation" time="2.035" classname="Academy.HomePage"/>
</testsuite> <!-- Test -->
