<?xml version="1.0" encoding="UTF-8"?>
<!-- Generated by org.testng.reporters.JUnitXMLReporter -->
<testsuite hostname="AnupJ2-MSL1" ignored="0" name="validating Title" tests="1" failures="1" timestamp="2020-09-19T23:23:35 IST" time="6.53" errors="0">
  <testcase name="validateTitle" time="0.197" classname="Academy.ValidateTitleTest">
    <failure type="java.lang.AssertionError" message="expected [FEATURED CO1URSES] but found [FEATURED COURSES]">
      <![CDATA[java.lang.AssertionError: expected [FEATURED CO1URSES] but found [FEATURED COURSES]
at Academy.ValidateTitleTest.validateTitle(ValidateTitleTest.java:35)
at java.util.ArrayList.forEach(ArrayList.java:1257)
... Removed 33 stack frames]]>
    </failure>
  </testcase> <!-- validateTitle -->
</testsuite> <!-- validating Title -->
